<?xml version="1.0" encoding="UTF-8"?>
<!-- Generated by org.testng.reporters.JUnitXMLReporter -->
<testsuite hostname="DESKTOP-M2C733H" ignored="2" name="Default test(failed)" tests="1" failures="1" timestamp="28 Mar 2022 06:48:32 GMT" time="0.437" errors="0">
  <testcase name="tc2" time="0.078" classname="org.test.D">
    <failure type="java.lang.AssertionError" message="expected [true] but found [false]">
      <![CDATA[java.lang.AssertionError: expected [true] but found [false]
at org.test.D.tc2(D.java:16)
... Removed 29 stack frames]]>
    </failure>
  </testcase> <!-- tc2 -->
  <testcase name="tc1" time="0.0" classname="org.test.D">
    <ignored/>
  </testcase> <!-- tc1 -->
  <testcase name="tc3" time="0.0" classname="org.test.D">
    <ignored/>
  </testcase> <!-- tc3 -->
</testsuite> <!-- Default test(failed) -->
